2025-02-12 18:34:11,235 - DEBUG - Judge script started
2025-02-12 18:34:11,236 - DEBUG - Processing submission: /mnt/c/Users/Fernando/Desktop/UMNPC/test website/newOJ/code/admin/1/Main.java for problem 1
2025-02-12 18:34:11,243 - DEBUG - Starting compilation of /mnt/c/Users/Fernando/Desktop/UMNPC/test website/newOJ/code/admin/1/Main.java
2025-02-12 18:34:11,253 - DEBUG - Running compilation command: javac /mnt/c/Users/Fernando/Desktop/UMNPC/test website/newOJ/code/admin/1/Main.java
2025-02-12 18:34:12,781 - DEBUG - Compilation failed with error:
/mnt/c/Users/Fernando/Desktop/UMNPC/test website/newOJ/code/admin/1/Main.java:117: error: duplicate class: Main
class Main {
^
1 error

2025-02-12 18:34:24,983 - DEBUG - Judge script started
2025-02-12 18:34:24,983 - DEBUG - Processing submission: ./TestJawaban/test soal/jawaban2.java for problem 1
2025-02-12 18:34:24,990 - DEBUG - Starting compilation of ./TestJawaban/test soal/jawaban2.java
2025-02-12 18:34:25,001 - DEBUG - Running compilation command: javac /mnt/c/Users/Fernando/Desktop/UMNPC/test website/newOJ/TestJawaban/test soal/Main.java
2025-02-12 18:34:26,105 - DEBUG - Starting solution execution with sourcefile: ./TestJawaban/test soal/jawaban2.java
2025-02-12 18:34:26,108 - DEBUG - Working directory: /mnt/c/Users/Fernando/Desktop/UMNPC/test website/newOJ/TestJawaban/test soal
2025-02-12 18:34:26,113 - DEBUG - Running command: java -cp /mnt/c/Users/Fernando/Desktop/UMNPC/test website/newOJ/TestJawaban/test soal Main
2025-02-12 18:34:26,288 - DEBUG - Execution completed in 0.182 seconds
2025-02-12 18:34:26,289 - DEBUG - Starting output comparison
2025-02-12 18:34:35,545 - DEBUG - Judge script started
2025-02-12 18:34:35,546 - DEBUG - Processing submission: /mnt/c/Users/Fernando/Desktop/UMNPC/test website/newOJ/code/admin/1/Main.java for problem 1
2025-02-12 18:34:35,550 - DEBUG - Starting compilation of /mnt/c/Users/Fernando/Desktop/UMNPC/test website/newOJ/code/admin/1/Main.java
2025-02-12 18:34:35,556 - DEBUG - Running compilation command: javac /mnt/c/Users/Fernando/Desktop/UMNPC/test website/newOJ/code/admin/1/Main.java
2025-02-12 18:34:36,529 - DEBUG - Starting solution execution with sourcefile: /mnt/c/Users/Fernando/Desktop/UMNPC/test website/newOJ/code/admin/1/Main.java
2025-02-12 18:34:36,531 - DEBUG - Working directory: /mnt/c/Users/Fernando/Desktop/UMNPC/test website/newOJ/code/admin/1
2025-02-12 18:34:36,534 - DEBUG - Running command: java -cp /mnt/c/Users/Fernando/Desktop/UMNPC/test website/newOJ/code/admin/1 Main
2025-02-12 18:34:36,661 - DEBUG - Execution completed in 0.131 seconds
2025-02-12 18:34:36,661 - DEBUG - Starting output comparison
2025-02-12 18:35:24,475 - DEBUG - Judge script started
2025-02-12 18:35:24,475 - DEBUG - Processing submission: /mnt/c/Users/Fernando/Desktop/UMNPC/test website/newOJ/code/admin/1/Main.java for problem 1
2025-02-12 18:35:24,483 - DEBUG - Starting compilation of /mnt/c/Users/Fernando/Desktop/UMNPC/test website/newOJ/code/admin/1/Main.java
2025-02-12 18:35:24,494 - DEBUG - Running compilation command: javac /mnt/c/Users/Fernando/Desktop/UMNPC/test website/newOJ/code/admin/1/Main.java
2025-02-12 18:35:25,498 - DEBUG - Starting solution execution with sourcefile: /mnt/c/Users/Fernando/Desktop/UMNPC/test website/newOJ/code/admin/1/Main.java
2025-02-12 18:35:25,500 - DEBUG - Working directory: /mnt/c/Users/Fernando/Desktop/UMNPC/test website/newOJ/code/admin/1
2025-02-12 18:35:25,505 - DEBUG - Running command: java -cp /mnt/c/Users/Fernando/Desktop/UMNPC/test website/newOJ/code/admin/1 Main
2025-02-12 18:35:25,646 - DEBUG - Execution completed in 0.148 seconds
2025-02-12 18:35:25,647 - DEBUG - Starting output comparison
2025-02-12 18:36:37,108 - DEBUG - Judge script started
2025-02-12 18:36:37,109 - DEBUG - Processing submission: /mnt/c/Users/Fernando/Desktop/UMNPC/test website/newOJ/code/admin/1/Main.java for problem 1
2025-02-12 18:36:37,115 - DEBUG - Starting compilation of /mnt/c/Users/Fernando/Desktop/UMNPC/test website/newOJ/code/admin/1/Main.java
2025-02-12 18:36:37,126 - DEBUG - Running compilation command: javac /mnt/c/Users/Fernando/Desktop/UMNPC/test website/newOJ/code/admin/1/Main.java
2025-02-12 18:36:38,479 - DEBUG - Compilation failed with error:
/mnt/c/Users/Fernando/Desktop/UMNPC/test website/newOJ/code/admin/1/Main.java:117: error: duplicate class: Main
class Main {
^
1 error

2025-02-12 18:36:58,002 - DEBUG - Judge script started
2025-02-12 18:36:58,003 - DEBUG - Processing submission: /mnt/c/Users/Fernando/Desktop/UMNPC/test website/newOJ/code/admin/1/Main.java for problem 1
2025-02-12 18:36:58,014 - DEBUG - Starting compilation of /mnt/c/Users/Fernando/Desktop/UMNPC/test website/newOJ/code/admin/1/Main.java
2025-02-12 18:36:58,023 - DEBUG - Running compilation command: javac /mnt/c/Users/Fernando/Desktop/UMNPC/test website/newOJ/code/admin/1/Main.java
2025-02-12 18:36:59,016 - DEBUG - Starting solution execution with sourcefile: /mnt/c/Users/Fernando/Desktop/UMNPC/test website/newOJ/code/admin/1/Main.java
2025-02-12 18:36:59,018 - DEBUG - Working directory: /mnt/c/Users/Fernando/Desktop/UMNPC/test website/newOJ/code/admin/1
2025-02-12 18:36:59,024 - DEBUG - Running command: java -cp /mnt/c/Users/Fernando/Desktop/UMNPC/test website/newOJ/code/admin/1 Main
2025-02-12 18:36:59,195 - DEBUG - Execution completed in 0.178 seconds
2025-02-12 18:36:59,196 - DEBUG - Starting output comparison
2025-02-12 18:37:36,327 - DEBUG - Judge script started
2025-02-12 18:37:36,327 - DEBUG - Processing submission: /mnt/c/Users/Fernando/Desktop/UMNPC/test website/newOJ/code/admin/1/Main.java for problem 1
2025-02-12 18:37:36,333 - DEBUG - Starting compilation of /mnt/c/Users/Fernando/Desktop/UMNPC/test website/newOJ/code/admin/1/Main.java
2025-02-12 18:37:36,340 - DEBUG - Running compilation command: javac /mnt/c/Users/Fernando/Desktop/UMNPC/test website/newOJ/code/admin/1/Main.java
2025-02-12 18:37:37,249 - DEBUG - Starting solution execution with sourcefile: /mnt/c/Users/Fernando/Desktop/UMNPC/test website/newOJ/code/admin/1/Main.java
2025-02-12 18:37:37,251 - DEBUG - Working directory: /mnt/c/Users/Fernando/Desktop/UMNPC/test website/newOJ/code/admin/1
2025-02-12 18:37:37,258 - DEBUG - Running command: java -cp /mnt/c/Users/Fernando/Desktop/UMNPC/test website/newOJ/code/admin/1 Main
2025-02-12 18:37:37,403 - DEBUG - Execution completed in 0.154 seconds
2025-02-12 18:37:37,404 - DEBUG - Starting output comparison
2025-02-12 18:38:24,321 - DEBUG - Judge script started
2025-02-12 18:38:24,322 - DEBUG - Processing submission: /mnt/c/Users/Fernando/Desktop/UMNPC/test website/newOJ/code/admin/1/jawaban2_2025-02-12_12-38-23.py for problem 1
2025-02-12 18:38:24,333 - DEBUG - Starting compilation of /mnt/c/Users/Fernando/Desktop/UMNPC/test website/newOJ/code/admin/1/jawaban2_2025-02-12_12-38-23.py
2025-02-12 18:38:24,501 - DEBUG - Starting solution execution with sourcefile: /mnt/c/Users/Fernando/Desktop/UMNPC/test website/newOJ/code/admin/1/jawaban2_2025-02-12_12-38-23.py
2025-02-12 18:38:24,505 - DEBUG - Working directory: /mnt/c/Users/Fernando/Desktop/UMNPC/test website/newOJ/code/admin/1
2025-02-12 18:38:24,511 - DEBUG - Looking for wrapped file at: /mnt/c/Users/Fernando/Desktop/UMNPC/test website/newOJ/code/admin/1/jawaban2_2025-02-12_12-38-23_wrapped.py
2025-02-12 18:38:24,513 - DEBUG - Running command: python3 /mnt/c/Users/Fernando/Desktop/UMNPC/test website/newOJ/code/admin/1/jawaban2_2025-02-12_12-38-23_wrapped.py
2025-02-12 18:38:24,560 - DEBUG - Execution completed in 0.058 seconds
2025-02-12 18:38:24,560 - DEBUG - Starting output comparison
2025-02-12 18:38:33,457 - DEBUG - Judge script started
2025-02-12 18:38:33,458 - DEBUG - Processing submission: /mnt/c/Users/Fernando/Desktop/UMNPC/test website/newOJ/code/admin/1/jawaban2_2025-02-12_12-38-33.go for problem 1
2025-02-12 18:38:33,463 - DEBUG - Starting compilation of /mnt/c/Users/Fernando/Desktop/UMNPC/test website/newOJ/code/admin/1/jawaban2_2025-02-12_12-38-33.go
2025-02-12 18:38:33,468 - DEBUG - Error wrapping solution: Unsupported file extension: go
2025-02-12 18:38:33,468 - DEBUG - Failed to wrap solution code
2025-02-12 18:38:39,269 - DEBUG - Judge script started
2025-02-12 18:38:39,269 - DEBUG - Processing submission: /mnt/c/Users/Fernando/Desktop/UMNPC/test website/newOJ/code/admin/1/generator2_2025-02-12_12-38-39.cpp for problem 1
2025-02-12 18:38:39,277 - DEBUG - Starting compilation of /mnt/c/Users/Fernando/Desktop/UMNPC/test website/newOJ/code/admin/1/generator2_2025-02-12_12-38-39.cpp
2025-02-12 18:38:39,283 - DEBUG - Running compilation command: g++ -Wall -O2 -std=c++17 /mnt/c/Users/Fernando/Desktop/UMNPC/test website/newOJ/code/admin/1/generator2_2025-02-12_12-38-39_wrapped.cpp -o /mnt/c/Users/Fernando/Desktop/UMNPC/test website/newOJ/code/admin/1/a.out
2025-02-12 18:38:39,901 - DEBUG - Compilation failed with error:
/mnt/c/Users/Fernando/Desktop/UMNPC/test website/newOJ/code/admin/1/generator2_2025-02-12_12-38-39_wrapped.cpp:71:5: error: redefinition of ‘int main()’
   71 | int main() {
      |     ^~~~
/mnt/c/Users/Fernando/Desktop/UMNPC/test website/newOJ/code/admin/1/generator2_2025-02-12_12-38-39_wrapped.cpp:11:5: note: ‘int main()’ previously defined here
   11 | int main() {
      |     ^~~~
/mnt/c/Users/Fernando/Desktop/UMNPC/test website/newOJ/code/admin/1/generator2_2025-02-12_12-38-39_wrapped.cpp: In function ‘int main()’:
/mnt/c/Users/Fernando/Desktop/UMNPC/test website/newOJ/code/admin/1/generator2_2025-02-12_12-38-39_wrapped.cpp:79:9: error: ‘solve’ was not declared in this scope
   79 |         solve();
      |         ^~~~~

2025-02-12 18:38:46,838 - DEBUG - Judge script started
2025-02-12 18:38:46,839 - DEBUG - Processing submission: /mnt/c/Users/Fernando/Desktop/UMNPC/test website/newOJ/code/admin/1/generator2_2025-02-12_12-38-46.cpp for problem 1
2025-02-12 18:38:46,843 - DEBUG - Starting compilation of /mnt/c/Users/Fernando/Desktop/UMNPC/test website/newOJ/code/admin/1/generator2_2025-02-12_12-38-46.cpp
2025-02-12 18:38:46,849 - DEBUG - Running compilation command: g++ -Wall -O2 -std=c++17 /mnt/c/Users/Fernando/Desktop/UMNPC/test website/newOJ/code/admin/1/generator2_2025-02-12_12-38-46_wrapped.cpp -o /mnt/c/Users/Fernando/Desktop/UMNPC/test website/newOJ/code/admin/1/a.out
2025-02-12 18:38:47,190 - DEBUG - Compilation failed with error:
/mnt/c/Users/Fernando/Desktop/UMNPC/test website/newOJ/code/admin/1/generator2_2025-02-12_12-38-46_wrapped.cpp:71:5: error: redefinition of ‘int main()’
   71 | int main() {
      |     ^~~~
/mnt/c/Users/Fernando/Desktop/UMNPC/test website/newOJ/code/admin/1/generator2_2025-02-12_12-38-46_wrapped.cpp:11:5: note: ‘int main()’ previously defined here
   11 | int main() {
      |     ^~~~
/mnt/c/Users/Fernando/Desktop/UMNPC/test website/newOJ/code/admin/1/generator2_2025-02-12_12-38-46_wrapped.cpp: In function ‘int main()’:
/mnt/c/Users/Fernando/Desktop/UMNPC/test website/newOJ/code/admin/1/generator2_2025-02-12_12-38-46_wrapped.cpp:79:9: error: ‘solve’ was not declared in this scope
   79 |         solve();
      |         ^~~~~

2025-02-12 18:38:56,202 - DEBUG - Judge script started
2025-02-12 18:38:56,202 - DEBUG - Processing submission: ./TestJawaban/test soal/jawaban2.cpp for problem 1
2025-02-12 18:38:56,207 - DEBUG - Starting compilation of ./TestJawaban/test soal/jawaban2.cpp
2025-02-12 18:38:56,231 - DEBUG - Running compilation command: g++ -Wall -O2 -std=c++17 /mnt/c/Users/Fernando/Desktop/UMNPC/test website/newOJ/TestJawaban/test soal/jawaban2_wrapped.cpp -o /mnt/c/Users/Fernando/Desktop/UMNPC/test website/newOJ/TestJawaban/test soal/a.out
2025-02-12 18:38:56,989 - DEBUG - Starting solution execution with sourcefile: ./TestJawaban/test soal/jawaban2.cpp
2025-02-12 18:38:56,997 - DEBUG - Working directory: /mnt/c/Users/Fernando/Desktop/UMNPC/test website/newOJ/TestJawaban/test soal
2025-02-12 18:38:57,008 - DEBUG - Running command: /mnt/c/Users/Fernando/Desktop/UMNPC/test website/newOJ/TestJawaban/test soal/a.out
2025-02-12 18:38:57,034 - DEBUG - Execution completed in 0.045 seconds
2025-02-12 18:38:57,035 - DEBUG - Starting output comparison
2025-02-12 18:39:07,872 - DEBUG - Judge script started
2025-02-12 18:39:07,872 - DEBUG - Processing submission: /mnt/c/Users/Fernando/Desktop/UMNPC/test website/newOJ/code/admin/1/jawaban2_2025-02-12_12-39-07.cpp for problem 1
2025-02-12 18:39:07,886 - DEBUG - Starting compilation of /mnt/c/Users/Fernando/Desktop/UMNPC/test website/newOJ/code/admin/1/jawaban2_2025-02-12_12-39-07.cpp
2025-02-12 18:39:07,904 - DEBUG - Running compilation command: g++ -Wall -O2 -std=c++17 /mnt/c/Users/Fernando/Desktop/UMNPC/test website/newOJ/code/admin/1/jawaban2_2025-02-12_12-39-07_wrapped.cpp -o /mnt/c/Users/Fernando/Desktop/UMNPC/test website/newOJ/code/admin/1/a.out
2025-02-12 18:39:08,574 - DEBUG - Starting solution execution with sourcefile: /mnt/c/Users/Fernando/Desktop/UMNPC/test website/newOJ/code/admin/1/jawaban2_2025-02-12_12-39-07.cpp
2025-02-12 18:39:08,578 - DEBUG - Working directory: /mnt/c/Users/Fernando/Desktop/UMNPC/test website/newOJ/code/admin/1
2025-02-12 18:39:08,586 - DEBUG - Running command: /mnt/c/Users/Fernando/Desktop/UMNPC/test website/newOJ/code/admin/1/a.out
2025-02-12 18:39:08,601 - DEBUG - Execution completed in 0.026 seconds
2025-02-12 18:39:08,601 - DEBUG - Starting output comparison
2025-02-12 18:39:14,919 - DEBUG - Judge script started
2025-02-12 18:39:14,919 - DEBUG - Processing submission: /mnt/c/Users/Fernando/Desktop/UMNPC/test website/newOJ/code/admin/1/jawaban2_2025-02-12_12-39-14.c for problem 1
2025-02-12 18:39:14,925 - DEBUG - Starting compilation of /mnt/c/Users/Fernando/Desktop/UMNPC/test website/newOJ/code/admin/1/jawaban2_2025-02-12_12-39-14.c
2025-02-12 18:39:14,934 - DEBUG - Running compilation command: gcc -Wall -O2 -std=c11 /mnt/c/Users/Fernando/Desktop/UMNPC/test website/newOJ/code/admin/1/jawaban2_2025-02-12_12-39-14_wrapped.c -o /mnt/c/Users/Fernando/Desktop/UMNPC/test website/newOJ/code/admin/1/a.out
2025-02-12 18:39:15,170 - DEBUG - Starting solution execution with sourcefile: /mnt/c/Users/Fernando/Desktop/UMNPC/test website/newOJ/code/admin/1/jawaban2_2025-02-12_12-39-14.c
2025-02-12 18:39:15,173 - DEBUG - Working directory: /mnt/c/Users/Fernando/Desktop/UMNPC/test website/newOJ/code/admin/1
2025-02-12 18:39:15,179 - DEBUG - Running command: /mnt/c/Users/Fernando/Desktop/UMNPC/test website/newOJ/code/admin/1/a.out
2025-02-12 18:39:15,188 - DEBUG - Execution completed in 0.017 seconds
2025-02-12 18:39:15,188 - DEBUG - Starting output comparison
2025-02-12 18:39:31,481 - DEBUG - Judge script started
2025-02-12 18:39:31,482 - DEBUG - Processing submission: /mnt/c/Users/Fernando/Desktop/UMNPC/test website/newOJ/code/admin/1/jawaban2_2025-02-12_12-39-31.c for problem 1
2025-02-12 18:39:31,491 - DEBUG - Starting compilation of /mnt/c/Users/Fernando/Desktop/UMNPC/test website/newOJ/code/admin/1/jawaban2_2025-02-12_12-39-31.c
2025-02-12 18:39:31,501 - DEBUG - Running compilation command: gcc -Wall -O2 -std=c11 /mnt/c/Users/Fernando/Desktop/UMNPC/test website/newOJ/code/admin/1/jawaban2_2025-02-12_12-39-31_wrapped.c -o /mnt/c/Users/Fernando/Desktop/UMNPC/test website/newOJ/code/admin/1/a.out
2025-02-12 18:39:31,632 - DEBUG - Starting solution execution with sourcefile: /mnt/c/Users/Fernando/Desktop/UMNPC/test website/newOJ/code/admin/1/jawaban2_2025-02-12_12-39-31.c
2025-02-12 18:39:31,636 - DEBUG - Working directory: /mnt/c/Users/Fernando/Desktop/UMNPC/test website/newOJ/code/admin/1
2025-02-12 18:39:31,642 - DEBUG - Running command: /mnt/c/Users/Fernando/Desktop/UMNPC/test website/newOJ/code/admin/1/a.out
2025-02-12 18:39:31,653 - DEBUG - Execution completed in 0.020 seconds
2025-02-12 18:39:31,653 - DEBUG - Starting output comparison
2025-02-12 18:39:36,822 - DEBUG - Judge script started
2025-02-12 18:39:36,823 - DEBUG - Processing submission: /mnt/c/Users/Fernando/Desktop/UMNPC/test website/newOJ/code/admin/1/generator2_2025-02-12_12-39-36.cpp for problem 1
2025-02-12 18:39:36,829 - DEBUG - Starting compilation of /mnt/c/Users/Fernando/Desktop/UMNPC/test website/newOJ/code/admin/1/generator2_2025-02-12_12-39-36.cpp
2025-02-12 18:39:36,843 - DEBUG - Running compilation command: g++ -Wall -O2 -std=c++17 /mnt/c/Users/Fernando/Desktop/UMNPC/test website/newOJ/code/admin/1/generator2_2025-02-12_12-39-36_wrapped.cpp -o /mnt/c/Users/Fernando/Desktop/UMNPC/test website/newOJ/code/admin/1/a.out
2025-02-12 18:39:37,202 - DEBUG - Compilation failed with error:
/mnt/c/Users/Fernando/Desktop/UMNPC/test website/newOJ/code/admin/1/generator2_2025-02-12_12-39-36_wrapped.cpp:71:5: error: redefinition of ‘int main()’
   71 | int main() {
      |     ^~~~
/mnt/c/Users/Fernando/Desktop/UMNPC/test website/newOJ/code/admin/1/generator2_2025-02-12_12-39-36_wrapped.cpp:11:5: note: ‘int main()’ previously defined here
   11 | int main() {
      |     ^~~~
/mnt/c/Users/Fernando/Desktop/UMNPC/test website/newOJ/code/admin/1/generator2_2025-02-12_12-39-36_wrapped.cpp: In function ‘int main()’:
/mnt/c/Users/Fernando/Desktop/UMNPC/test website/newOJ/code/admin/1/generator2_2025-02-12_12-39-36_wrapped.cpp:79:9: error: ‘solve’ was not declared in this scope
   79 |         solve();
      |         ^~~~~

2025-02-12 18:39:50,992 - DEBUG - Judge script started
2025-02-12 18:39:50,992 - DEBUG - Processing submission: /mnt/c/Users/Fernando/Desktop/UMNPC/test website/newOJ/code/admin/1/Main.java for problem 1
2025-02-12 18:39:51,002 - DEBUG - Starting compilation of /mnt/c/Users/Fernando/Desktop/UMNPC/test website/newOJ/code/admin/1/Main.java
2025-02-12 18:39:51,014 - DEBUG - Running compilation command: javac /mnt/c/Users/Fernando/Desktop/UMNPC/test website/newOJ/code/admin/1/Main.java
2025-02-12 18:39:52,346 - DEBUG - Starting solution execution with sourcefile: /mnt/c/Users/Fernando/Desktop/UMNPC/test website/newOJ/code/admin/1/Main.java
2025-02-12 18:39:52,349 - DEBUG - Working directory: /mnt/c/Users/Fernando/Desktop/UMNPC/test website/newOJ/code/admin/1
2025-02-12 18:39:52,355 - DEBUG - Running command: java -cp /mnt/c/Users/Fernando/Desktop/UMNPC/test website/newOJ/code/admin/1 Main
2025-02-12 18:39:52,487 - DEBUG - Execution completed in 0.140 seconds
2025-02-12 18:39:52,487 - DEBUG - Starting output comparison
2025-02-12 18:40:23,929 - DEBUG - Judge script started
2025-02-12 18:40:23,930 - DEBUG - Processing submission: /mnt/c/Users/Fernando/Desktop/UMNPC/test website/newOJ/code/admin/1/jawaban2_2025-02-12_12-40-23.cpp for problem 1
2025-02-12 18:40:23,947 - DEBUG - Starting compilation of /mnt/c/Users/Fernando/Desktop/UMNPC/test website/newOJ/code/admin/1/jawaban2_2025-02-12_12-40-23.cpp
2025-02-12 18:40:23,963 - DEBUG - Running compilation command: g++ -Wall -O2 -std=c++17 /mnt/c/Users/Fernando/Desktop/UMNPC/test website/newOJ/code/admin/1/jawaban2_2025-02-12_12-40-23_wrapped.cpp -o /mnt/c/Users/Fernando/Desktop/UMNPC/test website/newOJ/code/admin/1/a.out
2025-02-12 18:40:24,535 - DEBUG - Starting solution execution with sourcefile: /mnt/c/Users/Fernando/Desktop/UMNPC/test website/newOJ/code/admin/1/jawaban2_2025-02-12_12-40-23.cpp
2025-02-12 18:40:24,538 - DEBUG - Working directory: /mnt/c/Users/Fernando/Desktop/UMNPC/test website/newOJ/code/admin/1
2025-02-12 18:40:24,546 - DEBUG - Running command: /mnt/c/Users/Fernando/Desktop/UMNPC/test website/newOJ/code/admin/1/a.out
2025-02-12 18:40:24,560 - DEBUG - Execution completed in 0.025 seconds
2025-02-12 18:40:24,561 - DEBUG - Starting output comparison
2025-02-12 18:40:34,971 - DEBUG - Judge script started
2025-02-12 18:40:34,972 - DEBUG - Processing submission: /mnt/c/Users/Fernando/Desktop/UMNPC/test website/newOJ/code/admin/1/jawaban2_2025-02-12_12-40-34.c for problem 1
2025-02-12 18:40:34,983 - DEBUG - Starting compilation of /mnt/c/Users/Fernando/Desktop/UMNPC/test website/newOJ/code/admin/1/jawaban2_2025-02-12_12-40-34.c
2025-02-12 18:40:34,995 - DEBUG - Running compilation command: gcc -Wall -O2 -std=c11 /mnt/c/Users/Fernando/Desktop/UMNPC/test website/newOJ/code/admin/1/jawaban2_2025-02-12_12-40-34_wrapped.c -o /mnt/c/Users/Fernando/Desktop/UMNPC/test website/newOJ/code/admin/1/a.out
2025-02-12 18:40:35,140 - DEBUG - Starting solution execution with sourcefile: /mnt/c/Users/Fernando/Desktop/UMNPC/test website/newOJ/code/admin/1/jawaban2_2025-02-12_12-40-34.c
2025-02-12 18:40:35,143 - DEBUG - Working directory: /mnt/c/Users/Fernando/Desktop/UMNPC/test website/newOJ/code/admin/1
2025-02-12 18:40:35,150 - DEBUG - Running command: /mnt/c/Users/Fernando/Desktop/UMNPC/test website/newOJ/code/admin/1/a.out
2025-02-12 18:40:35,160 - DEBUG - Execution completed in 0.019 seconds
2025-02-12 18:40:35,160 - DEBUG - Starting output comparison
